# JRE version: OpenJDK Runtime Environment (8.0_152-b01) (build 1.8.0_152-release-915-b01)
# Java VM: OpenJDK 64-Bit Server VM (25.152-b01 mixed mode windows-amd64 compressed oops)
Heap:
 PSYoungGen      total 263168K, used 186620K [0x00000000e0000000, 0x00000000f1780000, 0x0000000100000000)
  eden space 242176K, 74% used [0x00000000e0000000,0x00000000eafa9ea8,0x00000000eec80000)
  from space 20992K, 32% used [0x00000000f0200000,0x00000000f0895190,0x00000000f1680000)
  to   space 22016K, 0% used [0x00000000eec80000,0x00000000eec80000,0x00000000f0200000)
 ParOldGen       total 78336K, used 41570K [0x00000000a0000000, 0x00000000a4c80000, 0x00000000e0000000)
  object space 78336K, 53% used [0x00000000a0000000,0x00000000a2898988,0x00000000a4c80000)
 Metaspace       used 65227K, capacity 68114K, committed 68312K, reserved 1107968K
  class space    used 8727K, capacity 9428K, committed 9472K, reserved 1048576K
GC Heap History (10 events):
Event: 32.959 GC heap before
{Heap before GC invocations=11 (full 2):
 PSYoungGen      total 127488K, used 10491K [0x00000000e0000000, 0x00000000ec300000, 0x0000000100000000)
  eden space 116736K, 0% used [0x00000000e0000000,0x00000000e0000000,0x00000000e7200000)
  from space 10752K, 97% used [0x00000000e7200000,0x00000000e7c3ecc8,0x00000000e7c80000)
  to   space 12288K, 0% used [0x00000000eb700000,0x00000000eb700000,0x00000000ec300000)
 ParOldGen       total 34304K, used 12818K [0x00000000a0000000, 0x00000000a2180000, 0x00000000e0000000)
  object space 34304K, 37% used [0x00000000a0000000,0x00000000a0c84aa8,0x00000000a2180000)
 Metaspace       used 34463K, capacity 35182K, committed 35416K, reserved 1079296K
  class space    used 4691K, capacity 4971K, committed 4992K, reserved 1048576K
Event: 33.114 GC heap after
Heap after GC invocations=11 (full 2):
 PSYoungGen      total 127488K, used 0K [0x00000000e0000000, 0x00000000ec300000, 0x0000000100000000)
  eden space 116736K, 0% used [0x00000000e0000000,0x00000000e0000000,0x00000000e7200000)
  from space 10752K, 0% used [0x00000000e7200000,0x00000000e7200000,0x00000000e7c80000)
  to   space 12288K, 0% used [0x00000000eb700000,0x00000000eb700000,0x00000000ec300000)
 ParOldGen       total 41984K, used 16554K [0x00000000a0000000, 0x00000000a2900000, 0x00000000e0000000)
  object space 41984K, 39% used [0x00000000a0000000,0x00000000a102a838,0x00000000a2900000)
 Metaspace       used 34463K, capacity 35182K, committed 35416K, reserved 1079296K
  class space    used 4691K, capacity 4971K, committed 4992K, reserved 1048576K
}
Event: 44.399 GC heap before
{Heap before GC invocations=12 (full 2):
 PSYoungGen      total 127488K, used 116736K [0x00000000e0000000, 0x00000000ec300000, 0x0000000100000000)
  eden space 116736K, 100% used [0x00000000e0000000,0x00000000e7200000,0x00000000e7200000)
  from space 10752K, 0% used [0x00000000e7200000,0x00000000e7200000,0x00000000e7c80000)
  to   space 12288K, 0% used [0x00000000eb700000,0x00000000eb700000,0x00000000ec300000)
 ParOldGen       total 41984K, used 16554K [0x00000000a0000000, 0x00000000a2900000, 0x00000000e0000000)
  object space 41984K, 39% used [0x00000000a0000000,0x00000000a102a838,0x00000000a2900000)
 Metaspace       used 42679K, capacity 43640K, committed 43736K, reserved 1087488K
  class space    used 5698K, capacity 6050K, committed 6144K, reserved 1048576K
Event: 44.475 GC heap after
Heap after GC invocations=12 (full 2):
 PSYoungGen      total 181760K, used 12285K [0x00000000e0000000, 0x00000000ec300000, 0x0000000100000000)
  eden space 169472K, 0% used [0x00000000e0000000,0x00000000e0000000,0x00000000ea580000)
  from space 12288K, 99% used [0x00000000eb700000,0x00000000ec2ff400,0x00000000ec300000)
  to   space 14336K, 0% used [0x00000000ea700000,0x00000000ea700000,0x00000000eb500000)
 ParOldGen       total 41984K, used 17573K [0x00000000a0000000, 0x00000000a2900000, 0x00000000e0000000)
  object space 41984K, 41% used [0x00000000a0000000,0x00000000a1129408,0x00000000a2900000)
 Metaspace       used 42679K, capacity 43640K, committed 43736K, reserved 1087488K
  class space    used 5698K, capacity 6050K, committed 6144K, reserved 1048576K
}
Event: 56.997 GC heap before
{Heap before GC invocations=13 (full 2):
 PSYoungGen      total 181760K, used 181757K [0x00000000e0000000, 0x00000000ec300000, 0x0000000100000000)
  eden space 169472K, 100% used [0x00000000e0000000,0x00000000ea580000,0x00000000ea580000)
  from space 12288K, 99% used [0x00000000eb700000,0x00000000ec2ff400,0x00000000ec300000)
  to   space 14336K, 0% used [0x00000000ea700000,0x00000000ea700000,0x00000000eb500000)
 ParOldGen       total 41984K, used 17573K [0x00000000a0000000, 0x00000000a2900000, 0x00000000e0000000)
  object space 41984K, 41% used [0x00000000a0000000,0x00000000a1129408,0x00000000a2900000)
 Metaspace       used 54649K, capacity 56358K, committed 56536K, reserved 1097728K
  class space    used 7442K, capacity 7931K, committed 7936K, reserved 1048576K
Event: 57.106 GC heap after
Heap after GC invocations=13 (full 2):
 PSYoungGen      total 185344K, used 14312K [0x00000000e0000000, 0x00000000f1680000, 0x0000000100000000)
  eden space 171008K, 0% used [0x00000000e0000000,0x00000000e0000000,0x00000000ea700000)
  from space 14336K, 99% used [0x00000000ea700000,0x00000000eb4fa050,0x00000000eb500000)
  to   space 20992K, 0% used [0x00000000f0200000,0x00000000f0200000,0x00000000f1680000)
 ParOldGen       total 41984K, used 29249K [0x00000000a0000000, 0x00000000a2900000, 0x00000000e0000000)
  object space 41984K, 69% used [0x00000000a0000000,0x00000000a1c90740,0x00000000a2900000)
 Metaspace       used 54649K, capacity 56358K, committed 56536K, reserved 1097728K
  class space    used 7442K, capacity 7931K, committed 7936K, reserved 1048576K
}
Event: 63.534 GC heap before
{Heap before GC invocations=14 (full 2):
 PSYoungGen      total 185344K, used 162056K [0x00000000e0000000, 0x00000000f1680000, 0x0000000100000000)
  eden space 171008K, 86% used [0x00000000e0000000,0x00000000e90482d0,0x00000000ea700000)
  from space 14336K, 99% used [0x00000000ea700000,0x00000000eb4fa050,0x00000000eb500000)
  to   space 20992K, 0% used [0x00000000f0200000,0x00000000f0200000,0x00000000f1680000)
 ParOldGen       total 41984K, used 29249K [0x00000000a0000000, 0x00000000a2900000, 0x00000000e0000000)
  object space 41984K, 69% used [0x00000000a0000000,0x00000000a1c90740,0x00000000a2900000)
 Metaspace       used 56932K, capacity 58940K, committed 58968K, reserved 1099776K
  class space    used 7775K, capacity 8306K, committed 8320K, reserved 1048576K
Event: 63.577 GC heap after
Heap after GC invocations=14 (full 2):
 PSYoungGen      total 263168K, used 15007K [0x00000000e0000000, 0x00000000f1780000, 0x0000000100000000)
  eden space 242176K, 0% used [0x00000000e0000000,0x00000000e0000000,0x00000000eec80000)
  from space 20992K, 71% used [0x00000000f0200000,0x00000000f10a7cd8,0x00000000f1680000)
  to   space 22016K, 0% used [0x00000000eec80000,0x00000000eec80000,0x00000000f0200000)
 ParOldGen       total 41984K, used 40482K [0x00000000a0000000, 0x00000000a2900000, 0x00000000e0000000)
  object space 41984K, 96% used [0x00000000a0000000,0x00000000a2788a70,0x00000000a2900000)
 Metaspace       used 56932K, capacity 58940K, committed 58968K, reserved 1099776K
  class space    used 7775K, capacity 8306K, committed 8320K, reserved 1048576K
}
Event: 63.577 GC heap before
{Heap before GC invocations=15 (full 3):
 PSYoungGen      total 263168K, used 15007K [0x00000000e0000000, 0x00000000f1780000, 0x0000000100000000)
  eden space 242176K, 0% used [0x00000000e0000000,0x00000000e0000000,0x00000000eec80000)
  from space 20992K, 71% used [0x00000000f0200000,0x00000000f10a7cd8,0x00000000f1680000)
  to   space 22016K, 0% used [0x00000000eec80000,0x00000000eec80000,0x00000000f0200000)
 ParOldGen       total 41984K, used 40482K [0x00000000a0000000, 0x00000000a2900000, 0x00000000e0000000)
  object space 41984K, 96% used [0x00000000a0000000,0x00000000a2788a70,0x00000000a2900000)
 Metaspace       used 56932K, capacity 58940K, committed 58968K, reserved 1099776K
  class space    used 7775K, capacity 8306K, committed 8320K, reserved 1048576K
Event: 63.957 GC heap after
Heap after GC invocations=15 (full 3):
 PSYoungGen      total 263168K, used 6740K [0x00000000e0000000, 0x00000000f1780000, 0x0000000100000000)
  eden space 242176K, 0% used [0x00000000e0000000,0x00000000e0000000,0x00000000eec80000)
  from space 20992K, 32% used [0x00000000f0200000,0x00000000f0895190,0x00000000f1680000)
  to   space 22016K, 0% used [0x00000000eec80000,0x00000000eec80000,0x00000000f0200000)
 ParOldGen       total 78336K, used 41570K [0x00000000a0000000, 0x00000000a4c80000, 0x00000000e0000000)
  object space 78336K, 53% used [0x00000000a0000000,0x00000000a2898988,0x00000000a4c80000)
 Metaspace       used 56932K, capacity 58940K, committed 58968K, reserved 1099776K
  class space    used 7775K, capacity 8306K, committed 8320K, reserved 1048576K
}

