# JRE version: OpenJDK Runtime Environment (8.0_152-b01) (build 1.8.0_152-release-915-b01)
# Java VM: OpenJDK 64-Bit Server VM (25.152-b01 mixed mode windows-amd64 compressed oops)
Heap:
 PSYoungGen      total 34304K, used 19312K [0x00000000e0000000, 0x00000000e4e00000, 0x0000000100000000)
  eden space 31744K, 60% used [0x00000000e0000000,0x00000000e12dc1e0,0x00000000e1f00000)
  from space 2560K, 0% used [0x00000000e1f00000,0x00000000e1f00000,0x00000000e2180000)
  to   space 8192K, 0% used [0x00000000e4600000,0x00000000e4600000,0x00000000e4e00000)
 ParOldGen       total 38912K, used 11487K [0x00000000a0000000, 0x00000000a2600000, 0x00000000e0000000)
  object space 38912K, 29% used [0x00000000a0000000,0x00000000a0b37c78,0x00000000a2600000)
 Metaspace       used 24681K, capacity 25142K, committed 25344K, reserved 1071104K
  class space    used 3184K, capacity 3322K, committed 3328K, reserved 1048576K
GC Heap History (10 events):
Event: 2.174 GC heap before
{Heap before GC invocations=2 (full 0):
 PSYoungGen      total 18432K, used 18422K [0x00000000e0000000, 0x00000000e1480000, 0x0000000100000000)
  eden space 15872K, 100% used [0x00000000e0000000,0x00000000e0f80000,0x00000000e0f80000)
  from space 2560K, 99% used [0x00000000e0f80000,0x00000000e11fd9a0,0x00000000e1200000)
  to   space 2560K, 0% used [0x00000000e1200000,0x00000000e1200000,0x00000000e1480000)
 ParOldGen       total 42496K, used 1009K [0x00000000a0000000, 0x00000000a2980000, 0x00000000e0000000)
  object space 42496K, 2% used [0x00000000a0000000,0x00000000a00fc4e0,0x00000000a2980000)
 Metaspace       used 12780K, capacity 12994K, committed 13184K, reserved 1060864K
  class space    used 1475K, capacity 1562K, committed 1664K, reserved 1048576K
Event: 2.181 GC heap after
Heap after GC invocations=2 (full 0):
 PSYoungGen      total 18432K, used 2544K [0x00000000e0000000, 0x00000000e2400000, 0x0000000100000000)
  eden space 15872K, 0% used [0x00000000e0000000,0x00000000e0000000,0x00000000e0f80000)
  from space 2560K, 99% used [0x00000000e1200000,0x00000000e147c288,0x00000000e1480000)
  to   space 2560K, 0% used [0x00000000e0f80000,0x00000000e0f80000,0x00000000e1200000)
 ParOldGen       total 42496K, used 4645K [0x00000000a0000000, 0x00000000a2980000, 0x00000000e0000000)
  object space 42496K, 10% used [0x00000000a0000000,0x00000000a0489548,0x00000000a2980000)
 Metaspace       used 12780K, capacity 12994K, committed 13184K, reserved 1060864K
  class space    used 1475K, capacity 1562K, committed 1664K, reserved 1048576K
}
Event: 2.496 GC heap before
{Heap before GC invocations=3 (full 0):
 PSYoungGen      total 18432K, used 18416K [0x00000000e0000000, 0x00000000e2400000, 0x0000000100000000)
  eden space 15872K, 100% used [0x00000000e0000000,0x00000000e0f80000,0x00000000e0f80000)
  from space 2560K, 99% used [0x00000000e1200000,0x00000000e147c288,0x00000000e1480000)
  to   space 2560K, 0% used [0x00000000e0f80000,0x00000000e0f80000,0x00000000e1200000)
 ParOldGen       total 42496K, used 4645K [0x00000000a0000000, 0x00000000a2980000, 0x00000000e0000000)
  object space 42496K, 10% used [0x00000000a0000000,0x00000000a0489548,0x00000000a2980000)
 Metaspace       used 16335K, capacity 16556K, committed 16640K, reserved 1064960K
  class space    used 1939K, capacity 2017K, committed 2048K, reserved 1048576K
Event: 2.504 GC heap after
Heap after GC invocations=3 (full 0):
 PSYoungGen      total 18432K, used 2544K [0x00000000e0000000, 0x00000000e2400000, 0x0000000100000000)
  eden space 15872K, 0% used [0x00000000e0000000,0x00000000e0000000,0x00000000e0f80000)
  from space 2560K, 99% used [0x00000000e0f80000,0x00000000e11fc010,0x00000000e1200000)
  to   space 2560K, 0% used [0x00000000e2180000,0x00000000e2180000,0x00000000e2400000)
 ParOldGen       total 42496K, used 8574K [0x00000000a0000000, 0x00000000a2980000, 0x00000000e0000000)
  object space 42496K, 20% used [0x00000000a0000000,0x00000000a085f818,0x00000000a2980000)
 Metaspace       used 16335K, capacity 16556K, committed 16640K, reserved 1064960K
  class space    used 1939K, capacity 2017K, committed 2048K, reserved 1048576K
}
Event: 3.332 GC heap before
{Heap before GC invocations=4 (full 0):
 PSYoungGen      total 18432K, used 18416K [0x00000000e0000000, 0x00000000e2400000, 0x0000000100000000)
  eden space 15872K, 100% used [0x00000000e0000000,0x00000000e0f80000,0x00000000e0f80000)
  from space 2560K, 99% used [0x00000000e0f80000,0x00000000e11fc010,0x00000000e1200000)
  to   space 2560K, 0% used [0x00000000e2180000,0x00000000e2180000,0x00000000e2400000)
 ParOldGen       total 42496K, used 8574K [0x00000000a0000000, 0x00000000a2980000, 0x00000000e0000000)
  object space 42496K, 20% used [0x00000000a0000000,0x00000000a085f818,0x00000000a2980000)
 Metaspace       used 19838K, capacity 20170K, committed 20480K, reserved 1067008K
  class space    used 2414K, capacity 2518K, committed 2560K, reserved 1048576K
Event: 3.340 GC heap after
Heap after GC invocations=4 (full 0):
 PSYoungGen      total 34304K, used 2560K [0x00000000e0000000, 0x00000000e2400000, 0x0000000100000000)
  eden space 31744K, 0% used [0x00000000e0000000,0x00000000e0000000,0x00000000e1f00000)
  from space 2560K, 100% used [0x00000000e2180000,0x00000000e2400000,0x00000000e2400000)
  to   space 2560K, 0% used [0x00000000e1f00000,0x00000000e1f00000,0x00000000e2180000)
 ParOldGen       total 42496K, used 12268K [0x00000000a0000000, 0x00000000a2980000, 0x00000000e0000000)
  object space 42496K, 28% used [0x00000000a0000000,0x00000000a0bfb038,0x00000000a2980000)
 Metaspace       used 19838K, capacity 20170K, committed 20480K, reserved 1067008K
  class space    used 2414K, capacity 2518K, committed 2560K, reserved 1048576K
}
Event: 3.421 GC heap before
{Heap before GC invocations=5 (full 0):
 PSYoungGen      total 34304K, used 7067K [0x00000000e0000000, 0x00000000e2400000, 0x0000000100000000)
  eden space 31744K, 14% used [0x00000000e0000000,0x00000000e0466f58,0x00000000e1f00000)
  from space 2560K, 100% used [0x00000000e2180000,0x00000000e2400000,0x00000000e2400000)
  to   space 2560K, 0% used [0x00000000e1f00000,0x00000000e1f00000,0x00000000e2180000)
 ParOldGen       total 42496K, used 12268K [0x00000000a0000000, 0x00000000a2980000, 0x00000000e0000000)
  object space 42496K, 28% used [0x00000000a0000000,0x00000000a0bfb038,0x00000000a2980000)
 Metaspace       used 20787K, capacity 21080K, committed 21296K, reserved 1069056K
  class space    used 2551K, capacity 2651K, committed 2688K, reserved 1048576K
Event: 3.427 GC heap after
Heap after GC invocations=5 (full 0):
 PSYoungGen      total 34304K, used 2544K [0x00000000e0000000, 0x00000000e4e00000, 0x0000000100000000)
  eden space 31744K, 0% used [0x00000000e0000000,0x00000000e0000000,0x00000000e1f00000)
  from space 2560K, 99% used [0x00000000e1f00000,0x00000000e217c010,0x00000000e2180000)
  to   space 8192K, 0% used [0x00000000e4600000,0x00000000e4600000,0x00000000e4e00000)
 ParOldGen       total 42496K, used 13374K [0x00000000a0000000, 0x00000000a2980000, 0x00000000e0000000)
  object space 42496K, 31% used [0x00000000a0000000,0x00000000a0d0fa58,0x00000000a2980000)
 Metaspace       used 20787K, capacity 21080K, committed 21296K, reserved 1069056K
  class space    used 2551K, capacity 2651K, committed 2688K, reserved 1048576K
}
Event: 3.427 GC heap before
{Heap before GC invocations=6 (full 1):
 PSYoungGen      total 34304K, used 2544K [0x00000000e0000000, 0x00000000e4e00000, 0x0000000100000000)
  eden space 31744K, 0% used [0x00000000e0000000,0x00000000e0000000,0x00000000e1f00000)
  from space 2560K, 99% used [0x00000000e1f00000,0x00000000e217c010,0x00000000e2180000)
  to   space 8192K, 0% used [0x00000000e4600000,0x00000000e4600000,0x00000000e4e00000)
 ParOldGen       total 42496K, used 13374K [0x00000000a0000000, 0x00000000a2980000, 0x00000000e0000000)
  object space 42496K, 31% used [0x00000000a0000000,0x00000000a0d0fa58,0x00000000a2980000)
 Metaspace       used 20787K, capacity 21080K, committed 21296K, reserved 1069056K
  class space    used 2551K, capacity 2651K, committed 2688K, reserved 1048576K
Event: 3.473 GC heap after
Heap after GC invocations=6 (full 1):
 PSYoungGen      total 34304K, used 0K [0x00000000e0000000, 0x00000000e4e00000, 0x0000000100000000)
  eden space 31744K, 0% used [0x00000000e0000000,0x00000000e0000000,0x00000000e1f00000)
  from space 2560K, 0% used [0x00000000e1f00000,0x00000000e1f00000,0x00000000e2180000)
  to   space 8192K, 0% used [0x00000000e4600000,0x00000000e4600000,0x00000000e4e00000)
 ParOldGen       total 38912K, used 11487K [0x00000000a0000000, 0x00000000a2600000, 0x00000000e0000000)
  object space 38912K, 29% used [0x00000000a0000000,0x00000000a0b37c78,0x00000000a2600000)
 Metaspace       used 20787K, capacity 21080K, committed 21296K, reserved 1069056K
  class space    used 2551K, capacity 2651K, committed 2688K, reserved 1048576K
}

