# JRE version: OpenJDK Runtime Environment (8.0_152-b01) (build 1.8.0_152-release-915-b01)
# Java VM: OpenJDK 64-Bit Server VM (25.152-b01 mixed mode windows-amd64 compressed oops)
Heap:
 PSYoungGen      total 59904K, used 53212K [0x00000000e0000000, 0x00000000e4d00000, 0x0000000100000000)
  eden space 52736K, 87% used [0x00000000e0000000,0x00000000e2d18ad8,0x00000000e3380000)
  from space 7168K, 98% used [0x00000000e4600000,0x00000000e4cde8d0,0x00000000e4d00000)
  to   space 8704K, 0% used [0x00000000e3c00000,0x00000000e3c00000,0x00000000e4480000)
 ParOldGen       total 35328K, used 8883K [0x00000000a0000000, 0x00000000a2280000, 0x00000000e0000000)
  object space 35328K, 25% used [0x00000000a0000000,0x00000000a08acc40,0x00000000a2280000)
 Metaspace       used 32651K, capacity 33064K, committed 33536K, reserved 1079296K
  class space    used 4143K, capacity 4275K, committed 4352K, reserved 1048576K
GC Heap History (10 events):
Event: 3.420 GC heap before
{Heap before GC invocations=3 (full 0):
 PSYoungGen      total 18432K, used 18416K [0x00000000e0000000, 0x00000000e2400000, 0x0000000100000000)
  eden space 15872K, 100% used [0x00000000e0000000,0x00000000e0f80000,0x00000000e0f80000)
  from space 2560K, 99% used [0x00000000e1200000,0x00000000e147c2a8,0x00000000e1480000)
  to   space 2560K, 0% used [0x00000000e0f80000,0x00000000e0f80000,0x00000000e1200000)
 ParOldGen       total 42496K, used 4546K [0x00000000a0000000, 0x00000000a2980000, 0x00000000e0000000)
  object space 42496K, 10% used [0x00000000a0000000,0x00000000a0470b28,0x00000000a2980000)
 Metaspace       used 16273K, capacity 16524K, committed 16640K, reserved 1064960K
  class space    used 1927K, capacity 1985K, committed 2048K, reserved 1048576K
Event: 3.428 GC heap after
Heap after GC invocations=3 (full 0):
 PSYoungGen      total 18432K, used 2528K [0x00000000e0000000, 0x00000000e2400000, 0x0000000100000000)
  eden space 15872K, 0% used [0x00000000e0000000,0x00000000e0000000,0x00000000e0f80000)
  from space 2560K, 98% used [0x00000000e0f80000,0x00000000e11f8020,0x00000000e1200000)
  to   space 2560K, 0% used [0x00000000e2180000,0x00000000e2180000,0x00000000e2400000)
 ParOldGen       total 42496K, used 8488K [0x00000000a0000000, 0x00000000a2980000, 0x00000000e0000000)
  object space 42496K, 19% used [0x00000000a0000000,0x00000000a084a2a8,0x00000000a2980000)
 Metaspace       used 16273K, capacity 16524K, committed 16640K, reserved 1064960K
  class space    used 1927K, capacity 1985K, committed 2048K, reserved 1048576K
}
Event: 5.223 GC heap before
{Heap before GC invocations=4 (full 0):
 PSYoungGen      total 18432K, used 18400K [0x00000000e0000000, 0x00000000e2400000, 0x0000000100000000)
  eden space 15872K, 100% used [0x00000000e0000000,0x00000000e0f80000,0x00000000e0f80000)
  from space 2560K, 98% used [0x00000000e0f80000,0x00000000e11f8020,0x00000000e1200000)
  to   space 2560K, 0% used [0x00000000e2180000,0x00000000e2180000,0x00000000e2400000)
 ParOldGen       total 42496K, used 8488K [0x00000000a0000000, 0x00000000a2980000, 0x00000000e0000000)
  object space 42496K, 19% used [0x00000000a0000000,0x00000000a084a2a8,0x00000000a2980000)
 Metaspace       used 19699K, capacity 20078K, committed 20224K, reserved 1067008K
  class space    used 2385K, capacity 2482K, committed 2560K, reserved 1048576K
Event: 5.231 GC heap after
Heap after GC invocations=4 (full 0):
 PSYoungGen      total 34304K, used 2528K [0x00000000e0000000, 0x00000000e2400000, 0x0000000100000000)
  eden space 31744K, 0% used [0x00000000e0000000,0x00000000e0000000,0x00000000e1f00000)
  from space 2560K, 98% used [0x00000000e2180000,0x00000000e23f8298,0x00000000e2400000)
  to   space 2560K, 0% used [0x00000000e1f00000,0x00000000e1f00000,0x00000000e2180000)
 ParOldGen       total 42496K, used 12081K [0x00000000a0000000, 0x00000000a2980000, 0x00000000e0000000)
  object space 42496K, 28% used [0x00000000a0000000,0x00000000a0bcc7e8,0x00000000a2980000)
 Metaspace       used 19699K, capacity 20078K, committed 20224K, reserved 1067008K
  class space    used 2385K, capacity 2482K, committed 2560K, reserved 1048576K
}
Event: 5.444 GC heap before
{Heap before GC invocations=5 (full 0):
 PSYoungGen      total 34304K, used 7573K [0x00000000e0000000, 0x00000000e2400000, 0x0000000100000000)
  eden space 31744K, 15% used [0x00000000e0000000,0x00000000e04ed3f0,0x00000000e1f00000)
  from space 2560K, 98% used [0x00000000e2180000,0x00000000e23f8298,0x00000000e2400000)
  to   space 2560K, 0% used [0x00000000e1f00000,0x00000000e1f00000,0x00000000e2180000)
 ParOldGen       total 42496K, used 12081K [0x00000000a0000000, 0x00000000a2980000, 0x00000000e0000000)
  object space 42496K, 28% used [0x00000000a0000000,0x00000000a0bcc7e8,0x00000000a2980000)
 Metaspace       used 20740K, capacity 21098K, committed 21296K, reserved 1069056K
  class space    used 2545K, capacity 2654K, committed 2688K, reserved 1048576K
Event: 5.455 GC heap after
Heap after GC invocations=5 (full 0):
 PSYoungGen      total 34304K, used 2552K [0x00000000e0000000, 0x00000000e4e00000, 0x0000000100000000)
  eden space 31744K, 0% used [0x00000000e0000000,0x00000000e0000000,0x00000000e1f00000)
  from space 2560K, 99% used [0x00000000e1f00000,0x00000000e217e030,0x00000000e2180000)
  to   space 8192K, 0% used [0x00000000e4600000,0x00000000e4600000,0x00000000e4e00000)
 ParOldGen       total 42496K, used 13283K [0x00000000a0000000, 0x00000000a2980000, 0x00000000e0000000)
  object space 42496K, 31% used [0x00000000a0000000,0x00000000a0cf8d70,0x00000000a2980000)
 Metaspace       used 20740K, capacity 21098K, committed 21296K, reserved 1069056K
  class space    used 2545K, capacity 2654K, committed 2688K, reserved 1048576K
}
Event: 5.455 GC heap before
{Heap before GC invocations=6 (full 1):
 PSYoungGen      total 34304K, used 2552K [0x00000000e0000000, 0x00000000e4e00000, 0x0000000100000000)
  eden space 31744K, 0% used [0x00000000e0000000,0x00000000e0000000,0x00000000e1f00000)
  from space 2560K, 99% used [0x00000000e1f00000,0x00000000e217e030,0x00000000e2180000)
  to   space 8192K, 0% used [0x00000000e4600000,0x00000000e4600000,0x00000000e4e00000)
 ParOldGen       total 42496K, used 13283K [0x00000000a0000000, 0x00000000a2980000, 0x00000000e0000000)
  object space 42496K, 31% used [0x00000000a0000000,0x00000000a0cf8d70,0x00000000a2980000)
 Metaspace       used 20740K, capacity 21098K, committed 21296K, reserved 1069056K
  class space    used 2545K, capacity 2654K, committed 2688K, reserved 1048576K
Event: 5.504 GC heap after
Heap after GC invocations=6 (full 1):
 PSYoungGen      total 34304K, used 0K [0x00000000e0000000, 0x00000000e4e00000, 0x0000000100000000)
  eden space 31744K, 0% used [0x00000000e0000000,0x00000000e0000000,0x00000000e1f00000)
  from space 2560K, 0% used [0x00000000e1f00000,0x00000000e1f00000,0x00000000e2180000)
  to   space 8192K, 0% used [0x00000000e4600000,0x00000000e4600000,0x00000000e4e00000)
 ParOldGen       total 35328K, used 8875K [0x00000000a0000000, 0x00000000a2280000, 0x00000000e0000000)
  object space 35328K, 25% used [0x00000000a0000000,0x00000000a08aac40,0x00000000a2280000)
 Metaspace       used 20740K, capacity 21098K, committed 21296K, reserved 1069056K
  class space    used 2545K, capacity 2654K, committed 2688K, reserved 1048576K
}
Event: 10.287 GC heap before
{Heap before GC invocations=7 (full 1):
 PSYoungGen      total 34304K, used 31744K [0x00000000e0000000, 0x00000000e4e00000, 0x0000000100000000)
  eden space 31744K, 100% used [0x00000000e0000000,0x00000000e1f00000,0x00000000e1f00000)
  from space 2560K, 0% used [0x00000000e1f00000,0x00000000e1f00000,0x00000000e2180000)
  to   space 8192K, 0% used [0x00000000e4600000,0x00000000e4600000,0x00000000e4e00000)
 ParOldGen       total 35328K, used 8875K [0x00000000a0000000, 0x00000000a2280000, 0x00000000e0000000)
  object space 35328K, 25% used [0x00000000a0000000,0x00000000a08aac40,0x00000000a2280000)
 Metaspace       used 24762K, capacity 25214K, committed 25472K, reserved 1071104K
  class space    used 3190K, capacity 3334K, committed 3456K, reserved 1048576K
Event: 10.298 GC heap after
Heap after GC invocations=7 (full 1):
 PSYoungGen      total 59904K, used 7034K [0x00000000e0000000, 0x00000000e4d00000, 0x0000000100000000)
  eden space 52736K, 0% used [0x00000000e0000000,0x00000000e0000000,0x00000000e3380000)
  from space 7168K, 98% used [0x00000000e4600000,0x00000000e4cde8d0,0x00000000e4d00000)
  to   space 8704K, 0% used [0x00000000e3c00000,0x00000000e3c00000,0x00000000e4480000)
 ParOldGen       total 35328K, used 8883K [0x00000000a0000000, 0x00000000a2280000, 0x00000000e0000000)
  object space 35328K, 25% used [0x00000000a0000000,0x00000000a08acc40,0x00000000a2280000)
 Metaspace       used 24762K, capacity 25214K, committed 25472K, reserved 1071104K
  class space    used 3190K, capacity 3334K, committed 3456K, reserved 1048576K
}

