# JRE version: OpenJDK Runtime Environment (8.0_152-b01) (build 1.8.0_152-release-915-b01)
# Java VM: OpenJDK 64-Bit Server VM (25.152-b01 mixed mode windows-amd64 compressed oops)
Heap:
 PSYoungGen      total 114176K, used 83684K [0x00000000e0000000, 0x00000000e8c00000, 0x0000000100000000)
  eden space 107520K, 71% used [0x00000000e0000000,0x00000000e4b506f0,0x00000000e6900000)
  from space 6656K, 98% used [0x00000000e8580000,0x00000000e8be8ca8,0x00000000e8c00000)
  to   space 9728K, 0% used [0x00000000e7900000,0x00000000e7900000,0x00000000e8280000)
 ParOldGen       total 40960K, used 12156K [0x00000000a0000000, 0x00000000a2800000, 0x00000000e0000000)
  object space 40960K, 29% used [0x00000000a0000000,0x00000000a0bdf1d0,0x00000000a2800000)
 Metaspace       used 31250K, capacity 31914K, committed 32000K, reserved 1077248K
  class space    used 4311K, capacity 4580K, committed 4608K, reserved 1048576K
GC Heap History (10 events):
Event: 5.863 GC heap before
{Heap before GC invocations=3 (full 0):
 PSYoungGen      total 34304K, used 34115K [0x00000000e0000000, 0x00000000e2400000, 0x0000000100000000)
  eden space 31744K, 100% used [0x00000000e0000000,0x00000000e1f00000,0x00000000e1f00000)
  from space 2560K, 92% used [0x00000000e2180000,0x00000000e23d0d88,0x00000000e2400000)
  to   space 2560K, 0% used [0x00000000e1f00000,0x00000000e1f00000,0x00000000e2180000)
 ParOldGen       total 42496K, used 409K [0x00000000a0000000, 0x00000000a2980000, 0x00000000e0000000)
  object space 42496K, 0% used [0x00000000a0000000,0x00000000a0066790,0x00000000a2980000)
 Metaspace       used 12194K, capacity 12608K, committed 12800K, reserved 1060864K
  class space    used 1621K, capacity 1766K, committed 1792K, reserved 1048576K
Event: 5.995 GC heap after
Heap after GC invocations=3 (full 0):
 PSYoungGen      total 34304K, used 2544K [0x00000000e0000000, 0x00000000e4300000, 0x0000000100000000)
  eden space 31744K, 0% used [0x00000000e0000000,0x00000000e0000000,0x00000000e1f00000)
  from space 2560K, 99% used [0x00000000e1f00000,0x00000000e217c010,0x00000000e2180000)
  to   space 2560K, 0% used [0x00000000e4080000,0x00000000e4080000,0x00000000e4300000)
 ParOldGen       total 42496K, used 3783K [0x00000000a0000000, 0x00000000a2980000, 0x00000000e0000000)
  object space 42496K, 8% used [0x00000000a0000000,0x00000000a03b1f48,0x00000000a2980000)
 Metaspace       used 12194K, capacity 12608K, committed 12800K, reserved 1060864K
  class space    used 1621K, capacity 1766K, committed 1792K, reserved 1048576K
}
Event: 7.929 GC heap before
{Heap before GC invocations=4 (full 0):
 PSYoungGen      total 34304K, used 34288K [0x00000000e0000000, 0x00000000e4300000, 0x0000000100000000)
  eden space 31744K, 100% used [0x00000000e0000000,0x00000000e1f00000,0x00000000e1f00000)
  from space 2560K, 99% used [0x00000000e1f00000,0x00000000e217c010,0x00000000e2180000)
  to   space 2560K, 0% used [0x00000000e4080000,0x00000000e4080000,0x00000000e4300000)
 ParOldGen       total 42496K, used 3783K [0x00000000a0000000, 0x00000000a2980000, 0x00000000e0000000)
  object space 42496K, 8% used [0x00000000a0000000,0x00000000a03b1f48,0x00000000a2980000)
 Metaspace       used 15351K, capacity 15684K, committed 15872K, reserved 1062912K
  class space    used 2159K, capacity 2280K, committed 2304K, reserved 1048576K
Event: 8.199 GC heap after
Heap after GC invocations=4 (full 0):
 PSYoungGen      total 66048K, used 2528K [0x00000000e0000000, 0x00000000e4300000, 0x0000000100000000)
  eden space 63488K, 0% used [0x00000000e0000000,0x00000000e0000000,0x00000000e3e00000)
  from space 2560K, 98% used [0x00000000e4080000,0x00000000e42f8040,0x00000000e4300000)
  to   space 2560K, 0% used [0x00000000e3e00000,0x00000000e3e00000,0x00000000e4080000)
 ParOldGen       total 42496K, used 8045K [0x00000000a0000000, 0x00000000a2980000, 0x00000000e0000000)
  object space 42496K, 18% used [0x00000000a0000000,0x00000000a07db660,0x00000000a2980000)
 Metaspace       used 15351K, capacity 15684K, committed 15872K, reserved 1062912K
  class space    used 2159K, capacity 2280K, committed 2304K, reserved 1048576K
}
Event: 16.804 GC heap before
{Heap before GC invocations=5 (full 0):
 PSYoungGen      total 66048K, used 33562K [0x00000000e0000000, 0x00000000e4300000, 0x0000000100000000)
  eden space 63488K, 48% used [0x00000000e0000000,0x00000000e1e4ea40,0x00000000e3e00000)
  from space 2560K, 98% used [0x00000000e4080000,0x00000000e42f8040,0x00000000e4300000)
  to   space 2560K, 0% used [0x00000000e3e00000,0x00000000e3e00000,0x00000000e4080000)
 ParOldGen       total 42496K, used 8045K [0x00000000a0000000, 0x00000000a2980000, 0x00000000e0000000)
  object space 42496K, 18% used [0x00000000a0000000,0x00000000a07db660,0x00000000a2980000)
 Metaspace       used 20718K, capacity 21112K, committed 21248K, reserved 1067008K
  class space    used 2864K, capacity 3035K, committed 3072K, reserved 1048576K
Event: 16.918 GC heap after
Heap after GC invocations=5 (full 0):
 PSYoungGen      total 66048K, used 2528K [0x00000000e0000000, 0x00000000e8f00000, 0x0000000100000000)
  eden space 63488K, 0% used [0x00000000e0000000,0x00000000e0000000,0x00000000e3e00000)
  from space 2560K, 98% used [0x00000000e3e00000,0x00000000e4078010,0x00000000e4080000)
  to   space 9728K, 0% used [0x00000000e8580000,0x00000000e8580000,0x00000000e8f00000)
 ParOldGen       total 42496K, used 12837K [0x00000000a0000000, 0x00000000a2980000, 0x00000000e0000000)
  object space 42496K, 30% used [0x00000000a0000000,0x00000000a0c89728,0x00000000a2980000)
 Metaspace       used 20718K, capacity 21112K, committed 21248K, reserved 1067008K
  class space    used 2864K, capacity 3035K, committed 3072K, reserved 1048576K
}
Event: 16.918 GC heap before
{Heap before GC invocations=6 (full 1):
 PSYoungGen      total 66048K, used 2528K [0x00000000e0000000, 0x00000000e8f00000, 0x0000000100000000)
  eden space 63488K, 0% used [0x00000000e0000000,0x00000000e0000000,0x00000000e3e00000)
  from space 2560K, 98% used [0x00000000e3e00000,0x00000000e4078010,0x00000000e4080000)
  to   space 9728K, 0% used [0x00000000e8580000,0x00000000e8580000,0x00000000e8f00000)
 ParOldGen       total 42496K, used 12837K [0x00000000a0000000, 0x00000000a2980000, 0x00000000e0000000)
  object space 42496K, 30% used [0x00000000a0000000,0x00000000a0c89728,0x00000000a2980000)
 Metaspace       used 20718K, capacity 21112K, committed 21248K, reserved 1067008K
  class space    used 2864K, capacity 3035K, committed 3072K, reserved 1048576K
Event: 17.299 GC heap after
Heap after GC invocations=6 (full 1):
 PSYoungGen      total 66048K, used 0K [0x00000000e0000000, 0x00000000e8f00000, 0x0000000100000000)
  eden space 63488K, 0% used [0x00000000e0000000,0x00000000e0000000,0x00000000e3e00000)
  from space 2560K, 0% used [0x00000000e3e00000,0x00000000e3e00000,0x00000000e4080000)
  to   space 9728K, 0% used [0x00000000e8580000,0x00000000e8580000,0x00000000e8f00000)
 ParOldGen       total 40960K, used 12156K [0x00000000a0000000, 0x00000000a2800000, 0x00000000e0000000)
  object space 40960K, 29% used [0x00000000a0000000,0x00000000a0bdf1d0,0x00000000a2800000)
 Metaspace       used 20718K, capacity 21112K, committed 21248K, reserved 1067008K
  class space    used 2864K, capacity 3035K, committed 3072K, reserved 1048576K
}
Event: 21.850 GC heap before
{Heap before GC invocations=7 (full 1):
 PSYoungGen      total 66048K, used 63488K [0x00000000e0000000, 0x00000000e8f00000, 0x0000000100000000)
  eden space 63488K, 100% used [0x00000000e0000000,0x00000000e3e00000,0x00000000e3e00000)
  from space 2560K, 0% used [0x00000000e3e00000,0x00000000e3e00000,0x00000000e4080000)
  to   space 9728K, 0% used [0x00000000e8580000,0x00000000e8580000,0x00000000e8f00000)
 ParOldGen       total 40960K, used 12156K [0x00000000a0000000, 0x00000000a2800000, 0x00000000e0000000)
  object space 40960K, 29% used [0x00000000a0000000,0x00000000a0bdf1d0,0x00000000a2800000)
 Metaspace       used 26067K, capacity 26554K, committed 26752K, reserved 1073152K
  class space    used 3537K, capacity 3710K, committed 3712K, reserved 1048576K
Event: 22.333 GC heap after
Heap after GC invocations=7 (full 1):
 PSYoungGen      total 114176K, used 6563K [0x00000000e0000000, 0x00000000e8c00000, 0x0000000100000000)
  eden space 107520K, 0% used [0x00000000e0000000,0x00000000e0000000,0x00000000e6900000)
  from space 6656K, 98% used [0x00000000e8580000,0x00000000e8be8ca8,0x00000000e8c00000)
  to   space 9728K, 0% used [0x00000000e7900000,0x00000000e7900000,0x00000000e8280000)
 ParOldGen       total 40960K, used 12156K [0x00000000a0000000, 0x00000000a2800000, 0x00000000e0000000)
  object space 40960K, 29% used [0x00000000a0000000,0x00000000a0bdf1d0,0x00000000a2800000)
 Metaspace       used 26067K, capacity 26554K, committed 26752K, reserved 1073152K
  class space    used 3537K, capacity 3710K, committed 3712K, reserved 1048576K
}

